#
# A fatal error has been detected by the Java Runtime Environment:
#
#  Internal Error (javaClasses.cpp:136), pid=6208, tid=3260
#  fatal error: Invalid layout of preloaded class
#
# JRE version:  (7.0_51-b13) (build )
# Java VM: Java HotSpot(TM) Client VM (24.51-b03 mixed mode windows-x86 )
# Failed to write core dump. Minidumps are not enabled by default on client versions of Windows
#
# If you would like to submit a bug report, please visit:
#   http://bugreport.sun.com/bugreport/crash.jsp
#

---------------  T H R E A D  ---------------

Current thread (0x023fcc00):  JavaThread "Unknown thread" [_thread_in_vm, id=3260, stack(0x00d10000,0x00d60000)]

Stack: [0x00d10000,0x00d60000],  sp=0x00d5f630,  free space=317k
Native frames: (J=compiled Java code, j=interpreted, Vv=VM code, C=native code)
V  [jvm.dll+0x18e0f1]
V  [jvm.dll+0x187e66]
V  [jvm.dll+0x3586a]
V  [jvm.dll+0x358f6]
V  [jvm.dll+0x4400d]
V  [jvm.dll+0x442be]
V  [jvm.dll+0x9263a]
V  [jvm.dll+0x929eb]
V  [jvm.dll+0x13dc51]
V  [jvm.dll+0x16076c]
V  [jvm.dll+0xc8ebf]
C  [javaw.exe+0x13ce]
C  [javaw.exe+0x1e40]
C  [javaw.exe+0xa5b1]
C  [javaw.exe+0xa63b]
C  [kernel32.dll+0x1336a]
C  [ntdll.dll+0x39f72]
C  [ntdll.dll+0x39f45]


---------------  P R O C E S S  ---------------

Java Threads: ( => current thread )

Other Threads:

=>0x023fcc00 (exited) JavaThread "Unknown thread" [_thread_in_vm, id=3260, stack(0x00d10000,0x00d60000)]

VM state:not at safepoint (not fully initialized)

VM Mutex/Monitor currently owned by a thread: None

GC Heap History (0 events):
No events

Deoptimization events (0 events):
No events

Internal exceptions (0 events):
No events

Events (10 events):
Event: 0.008 loading class 0x00459690 done
Event: 0.008 loading class 0x00459120 done
Event: 0.008 loading class 0x00459100
Event: 0.008 loading class 0x00460428
Event: 0.008 loading class 0x00460428 done
Event: 0.008 loading class 0x00460458
Event: 0.008 loading class 0x00460458 done
Event: 0.008 loading class 0x00460488
Event: 0.008 loading class 0x00460488 done
Event: 0.008 loading class 0x00459100 done


Dynamic libraries:
0x00e20000 - 0x00e4f000 	C:\Program Files (x86)\Java\jre7\bin\javaw.exe
0x76f20000 - 0x770a0000 	C:\windows\SysWOW64\ntdll.dll
0x76240000 - 0x76350000 	C:\windows\syswow64\kernel32.dll
0x76410000 - 0x76457000 	C:\windows\syswow64\KERNELBASE.dll
0x74af0000 - 0x74b90000 	C:\windows\syswow64\ADVAPI32.dll
0x74d20000 - 0x74dcc000 	C:\windows\syswow64\msvcrt.dll
0x76350000 - 0x76369000 	C:\windows\SysWOW64\sechost.dll
0x767b0000 - 0x768a0000 	C:\windows\syswow64\RPCRT4.dll
0x74940000 - 0x749a0000 	C:\windows\syswow64\SspiCli.dll
0x74930000 - 0x7493c000 	C:\windows\syswow64\CRYPTBASE.dll
0x74b90000 - 0x74c90000 	C:\windows\syswow64\USER32.dll
0x74e40000 - 0x74ed0000 	C:\windows\syswow64\GDI32.dll
0x749d0000 - 0x749da000 	C:\windows\syswow64\LPK.dll
0x761a0000 - 0x7623d000 	C:\windows\syswow64\USP10.dll
0x70040000 - 0x701de000 	C:\windows\WinSxS\x86_microsoft.windows.common-controls_6595b64144ccf1df_6.0.7601.17514_none_41e6975e2bd6f2b2\COMCTL32.dll
0x74dd0000 - 0x74e27000 	C:\windows\syswow64\SHLWAPI.dll
0x76540000 - 0x765a0000 	C:\windows\system32\IMM32.DLL
0x765a0000 - 0x7666c000 	C:\windows\syswow64\MSCTF.dll
0x5fbf0000 - 0x5fcaf000 	C:\Program Files (x86)\Java\jre7\bin\msvcr100.dll
0x611b0000 - 0x61530000 	C:\Program Files (x86)\Java\jre7\bin\client\jvm.dll
0x740b0000 - 0x740b7000 	C:\windows\system32\WSOCK32.dll
0x76ae0000 - 0x76b15000 	C:\windows\syswow64\WS2_32.dll
0x74e30000 - 0x74e36000 	C:\windows\syswow64\NSI.dll
0x74040000 - 0x74072000 	C:\windows\system32\WINMM.dll
0x76400000 - 0x76405000 	C:\windows\syswow64\PSAPI.DLL
0x62fa0000 - 0x62fac000 	C:\Program Files (x86)\Java\jre7\bin\verify.dll
0x62f80000 - 0x62fa0000 	C:\Program Files (x86)\Java\jre7\bin\java.dll
0x62f60000 - 0x62f73000 	C:\Program Files (x86)\Java\jre7\bin\zip.dll
0x70610000 - 0x706fb000 	C:\windows\system32\dbghelp.dll

VM Arguments:
jvm_args: -Dfile.encoding=Cp1252 -Xbootclasspath:C:\Users\Johannes\Documents\Fag\ProgArk\adt-bundle-windows-x86-20131030\sdk\platforms\android-19\android.jar 
java_command: bomberman.connection.Server
Launcher Type: SUN_STANDARD

Environment Variables:
CLASSPATH=.;C:\Program Files (x86)\Java\jre7\lib\ext\QTJava.zip
PATH=C:/Program Files (x86)/Java/jre7/bin/client;C:/Program Files (x86)/Java/jre7/bin;C:/Program Files (x86)/Java/jre7/lib/i386;C:\Program Files (x86)\Common Files\Intel\Shared Libraries\redist\intel64\compiler;C:\Program Files (x86)\Common Files\Intel\Shared Libraries\redist\ia32\compiler;C:\Program Files\MATLAB\R2011a\bin\win64;C:\Python27;C:\Program Files\Common Files\Microsoft Shared\Windows Live;C:\Program Files (x86)\Common Files\Microsoft Shared\Windows Live;C:\windows\system32;C:\windows;C:\windows\System32\Wbem;C:\windows\System32\WindowsPowerShell\v1.0\;C:\Program Files (x86)\Windows Live\Shared;C:\Program Files (x86)\Toshiba\Bluetooth Toshiba Stack\sys\;C:\Program Files (x86)\Toshiba\Bluetooth Toshiba Stack\sys\x64\;C:\Python27\Scripts;C:\Program Files (x86)\Oracle\JavaFX 2.0 Runtime\bin;C:\Program Files (x86)\QuickTime\QTSystem\;C:\Program Files (x86)\Java\jdk1.7.0_02\bin;C:\Program Files\Microsoft SQL Server\110\Tools\Binn\;C:\Program Files (x86)\Intel\OpenCL SDK\2.0\bin\x86;C:\Program Files (x86)\Intel\OpenCL SDK\2.0\bin\x64;C:\Program Files\nodejs\;C:\Program Files (x86)\MiKTeX 2.9\miktex\bin\;C:\Users\Johannes\AppData\Roaming\npm;C:\Users\Johannes\Documents\Fag\ProgArk\adt-bundle-windows-x86-20131030\eclipse;
USERNAME=Johannes
OS=Windows_NT
PROCESSOR_IDENTIFIER=Intel64 Family 6 Model 42 Stepping 7, GenuineIntel



---------------  S Y S T E M  ---------------

OS: Windows 7 , 64 bit Build 7601 Service Pack 1

CPU:total 4 (2 cores per cpu, 2 threads per core) family 6 model 42 stepping 7, cmov, cx8, fxsr, mmx, sse, sse2, sse3, ssse3, sse4.1, sse4.2, popcnt, avx, aes, ht, tsc, tscinvbit

Memory: 4k page, physical 4095412k(1278172k free), swap 8188960k(4805152k free)

vm_info: Java HotSpot(TM) Client VM (24.51-b03) for windows-x86 JRE (1.7.0_51-b13), built on Dec 18 2013 19:09:58 by "java_re" with unknown MS VC++:1600

time: Wed Feb 26 11:40:51 2014
elapsed time: 0 seconds

